<?xml version="1.0" encoding="UTF-8"?>
<testng-results skipped="0" failed="0" ignored="0" total="2" passed="2">
  <reporter-output>
  </reporter-output>
  <suite name="Default suite" duration-ms="402" started-at="2019-08-23T13:10:34 NOVT" finished-at="2019-08-23T13:10:34 NOVT">
    <groups>
    </groups>
    <test name="Default test" duration-ms="402" started-at="2019-08-23T13:10:34 NOVT" finished-at="2019-08-23T13:10:34 NOVT">
      <class name="ru.vallball.csvtobd01.CSVReaderTest">
        <test-method status="PASS" signature="testForm()[pri:0, instance:ru.vallball.csvtobd01.CSVReaderTest@29ba4338]" name="testForm" duration-ms="366" started-at="2019-08-23T13:10:34 NOVT" finished-at="2019-08-23T13:10:34 NOVT">
          <reporter-output>
          </reporter-output>
        </test-method> <!-- testForm -->
        <test-method status="PASS" signature="testRead()[pri:0, instance:ru.vallball.csvtobd01.CSVReaderTest@29ba4338]" name="testRead" duration-ms="4" started-at="2019-08-23T13:10:34 NOVT" finished-at="2019-08-23T13:10:34 NOVT">
          <reporter-output>
          </reporter-output>
        </test-method> <!-- testRead -->
      </class> <!-- ru.vallball.csvtobd01.CSVReaderTest -->
    </test> <!-- Default test -->
  </suite> <!-- Default suite -->
</testng-results>
